0 info it worked if it ends with ok
1 verbose cli [ '/usr/local/Cellar/node/5.7.1/bin/node',
1 verbose cli   '/usr/local/bin/npm',
1 verbose cli   'run',
1 verbose cli   'protractor' ]
2 info using npm@3.8.0
3 info using node@v5.7.1
4 verbose run-script [ 'preprotractor', 'protractor', 'postprotractor' ]
5 info lifecycle ionic-project@1.1.1~preprotractor: ionic-project@1.1.1
6 silly lifecycle ionic-project@1.1.1~preprotractor: no script for preprotractor, continuing
7 info lifecycle ionic-project@1.1.1~protractor: ionic-project@1.1.1
8 verbose lifecycle ionic-project@1.1.1~protractor: unsafe-perm in lifecycle true
9 verbose lifecycle ionic-project@1.1.1~protractor: PATH: /usr/local/lib/node_modules/npm/bin/node-gyp-bin:/Users/louisefranklin/Documents/Code/Makers/finals/frontend_museum_passport/museumPassport/node_modules/.bin:/usr/local/Cellar/node/5.7.1/bin:/Users/louisefranklin/.rvm/gems/ruby-2.1.5/bin:/Users/louisefranklin/.rvm/gems/ruby-2.1.5@global/bin:/Users/louisefranklin/.rvm/rubies/ruby-2.1.5/bin:/Users/louisefranklin/.rbenv/shims:/Users/louisefranklin/.rbenv/shims:/usr/local/bin:/usr/bin:/bin:/usr/sbin:/sbin:/Users/louisefranklin/.rvm/bin
10 verbose lifecycle ionic-project@1.1.1~protractor: CWD: /Users/louisefranklin/Documents/Code/Makers/finals/frontend_museum_passport/museumPassport
11 silly lifecycle ionic-project@1.1.1~protractor: Args: [ '-c', 'protractor test/protractor.config.js' ]
12 silly lifecycle ionic-project@1.1.1~protractor: Returned: code: 1  signal: null
13 info lifecycle ionic-project@1.1.1~protractor: Failed to exec protractor script
14 verbose stack Error: ionic-project@1.1.1 protractor: `protractor test/protractor.config.js`
14 verbose stack Exit status 1
14 verbose stack     at EventEmitter.<anonymous> (/usr/local/lib/node_modules/npm/lib/utils/lifecycle.js:239:16)
14 verbose stack     at emitTwo (events.js:100:13)
14 verbose stack     at EventEmitter.emit (events.js:185:7)
14 verbose stack     at ChildProcess.<anonymous> (/usr/local/lib/node_modules/npm/lib/utils/spawn.js:24:14)
14 verbose stack     at emitTwo (events.js:100:13)
14 verbose stack     at ChildProcess.emit (events.js:185:7)
14 verbose stack     at maybeClose (internal/child_process.js:827:16)
14 verbose stack     at Process.ChildProcess._handle.onexit (internal/child_process.js:211:5)
15 verbose pkgid ionic-project@1.1.1
16 verbose cwd /Users/louisefranklin/Documents/Code/Makers/finals/frontend_museum_passport/museumPassport
17 error Darwin 15.3.0
18 error argv "/usr/local/Cellar/node/5.7.1/bin/node" "/usr/local/bin/npm" "run" "protractor"
19 error node v5.7.1
20 error npm  v3.8.0
21 error code ELIFECYCLE
22 error ionic-project@1.1.1 protractor: `protractor test/protractor.config.js`
22 error Exit status 1
23 error Failed at the ionic-project@1.1.1 protractor script 'protractor test/protractor.config.js'.
23 error Make sure you have the latest version of node.js and npm installed.
23 error If you do, this is most likely a problem with the ionic-project package,
23 error not with npm itself.
23 error Tell the author that this fails on your system:
23 error     protractor test/protractor.config.js
23 error You can get information on how to open an issue for this project with:
23 error     npm bugs ionic-project
23 error Or if that isn't available, you can get their info via:
23 error     npm owner ls ionic-project
23 error There is likely additional logging output above.
24 verbose exit [ 1, true ]
